
> components@1.0.0 start /opt/dev/zeroFruit-stack-remote/components
> supervisor index.js


Running node-supervisor with
  program 'index.js'
  --watch '.'
  --extensions 'node,js'
  --exec 'node'

Starting child process with 'node index.js'
Watching directory '/opt/dev/zeroFruit-stack-remote/components' for changes.
Press rs for restarting the process.
Parent process exiting, terminating child...
events.js:141
      throw er; // Unhandled 'error' event
      ^

Error: EBADF: bad file descriptor, read
    at Error (native)

npm ERR! Linux 4.4.0-31-generic
npm ERR! argv "/usr/bin/nodejs" "/usr/bin/npm" "start"
npm ERR! node v4.2.6
npm ERR! npm  v3.5.2
npm ERR! code ELIFECYCLE
npm ERR! components@1.0.0 start: `supervisor index.js`
npm ERR! Exit status 1
npm ERR! 
npm ERR! Failed at the components@1.0.0 start script 'supervisor index.js'.
npm ERR! Make sure you have the latest version of node.js and npm installed.
npm ERR! If you do, this is most likely a problem with the components package,
npm ERR! not with npm itself.
npm ERR! Tell the author that this fails on your system:
npm ERR!     supervisor index.js
npm ERR! You can get information on how to open an issue for this project with:
npm ERR!     npm bugs components
npm ERR! Or if that isn't available, you can get their info via:
npm ERR!     npm owner ls components
npm ERR! There is likely additional logging output above.

npm ERR! Please include the following file with any support request:
npm ERR!     /opt/dev/zeroFruit-stack-remote/components/npm-debug.log

> components@1.0.0 start /opt/dev/zeroFruit-stack-remote/components
> supervisor index.js


Running node-supervisor with
  program 'index.js'
  --watch '.'
  --extensions 'node,js'
  --exec 'node'

Starting child process with 'node index.js'
Watching directory '/opt/dev/zeroFruit-stack-remote/components' for changes.
Press rs for restarting the process.
Parent process exiting, terminating child...
events.js:141
      throw er; // Unhandled 'error' event
      ^

Error: EBADF: bad file descriptor, read
    at Error (native)

npm ERR! Linux 4.4.0-31-generic
npm ERR! argv "/usr/bin/nodejs" "/usr/bin/npm" "start"
npm ERR! node v4.2.6
npm ERR! npm  v3.5.2
npm ERR! code ELIFECYCLE
npm ERR! components@1.0.0 start: `supervisor index.js`
npm ERR! Exit status 1
npm ERR! 
npm ERR! Failed at the components@1.0.0 start script 'supervisor index.js'.
npm ERR! Make sure you have the latest version of node.js and npm installed.
npm ERR! If you do, this is most likely a problem with the components package,
npm ERR! not with npm itself.
npm ERR! Tell the author that this fails on your system:
npm ERR!     supervisor index.js
npm ERR! You can get information on how to open an issue for this project with:
npm ERR!     npm bugs components
npm ERR! Or if that isn't available, you can get their info via:
npm ERR!     npm owner ls components
npm ERR! There is likely additional logging output above.

npm ERR! Please include the following file with any support request:
npm ERR!     /opt/dev/zeroFruit-stack-remote/components/npm-debug.log
